{"level":"info","message":"Hello from Acqusitions!","service":"acquisitions-api"}
{"level":"info","message":"::1 - - [23/Sep/2025:09:59:47 +0000] \"GET / HTTP/1.1\" 304 - \"-\" \"Mozilla/5.0 (Macintosh; Intel Mac OS X 10_15_7) AppleWebKit/537.36 (KHTML, like Gecko) Chrome/140.0.0.0 Safari/537.36\"","service":"acquisitions-api"}
{"level":"info","message":"::1 - - [23/Sep/2025:09:59:49 +0000] \"GET /favicon.ico HTTP/1.1\" 404 150 \"-\" \"Mozilla/5.0 (Macintosh; Intel Mac OS X 10_15_7) AppleWebKit/537.36 (KHTML, like Gecko) Chrome/140.0.0.0 Safari/537.36\"","service":"acquisitions-api"}
{"level":"info","message":"Hello from Acquisitions!","service":"acquisitions-api"}
{"level":"info","message":"::1 - - [23/Sep/2025:10:12:44 +0000] \"GET / HTTP/1.1\" 304 - \"-\" \"Mozilla/5.0 (Macintosh; Intel Mac OS X 10_15_7) AppleWebKit/537.36 (KHTML, like Gecko) Chrome/140.0.0.0 Safari/537.36\"","service":"acquisitions-api"}
{"level":"info","message":"::1 - - [23/Sep/2025:10:12:49 +0000] \"GET /api HTTP/1.1\" 200 41 \"-\" \"Mozilla/5.0 (Macintosh; Intel Mac OS X 10_15_7) AppleWebKit/537.36 (KHTML, like Gecko) Chrome/140.0.0.0 Safari/537.36\"","service":"acquisitions-api"}
{"level":"info","message":"::1 - - [23/Sep/2025:10:13:01 +0000] \"GET /health HTTP/1.1\" 200 76 \"-\" \"Mozilla/5.0 (Macintosh; Intel Mac OS X 10_15_7) AppleWebKit/537.36 (KHTML, like Gecko) Chrome/140.0.0.0 Safari/537.36\"","service":"acquisitions-api"}
{"level":"info","message":"Hello from Acquisitions!","service":"acquisitions-api"}
{"level":"info","message":"::ffff:127.0.0.1 - - [23/Sep/2025:10:16:11 +0000] \"GET / HTTP/1.1\" 200 24 \"-\" \"PostmanRuntime/7.44.0\"","service":"acquisitions-api"}
{"level":"info","message":"::ffff:127.0.0.1 - - [23/Sep/2025:10:16:16 +0000] \"GET /api HTTP/1.1\" 200 41 \"-\" \"PostmanRuntime/7.44.0\"","service":"acquisitions-api"}
{"level":"info","message":"::ffff:127.0.0.1 - - [23/Sep/2025:10:16:23 +0000] \"GET /health HTTP/1.1\" 200 77 \"-\" \"PostmanRuntime/7.44.0\"","service":"acquisitions-api"}
{"level":"info","message":"::ffff:127.0.0.1 - - [23/Sep/2025:10:16:54 +0000] \"POST /api/auth/sign-in HTTP/1.1\" 200 31 \"-\" \"PostmanRuntime/7.44.0\"","service":"acquisitions-api"}
{"level":"info","message":"::1 - - [23/Sep/2025:16:43:06 +0000] \"POST /api/auth/sign-up HTTP/1.1\" 200 31 \"-\" \"PostmanRuntime/7.47.1\"","service":"acquisitions-api"}
{"level":"info","message":"::1 - - [23/Sep/2025:16:43:34 +0000] \"POST /api/auth/sign-up HTTP/1.1\" 400 92 \"-\" \"PostmanRuntime/7.47.1\"","service":"acquisitions-api"}
{"level":"info","message":"::1 - - [23/Sep/2025:16:45:34 +0000] \"POST /api/auth/sign-up HTTP/1.1\" 400 92 \"-\" \"PostmanRuntime/7.47.1\"","service":"acquisitions-api"}
{"level":"info","message":"::1 - - [23/Sep/2025:16:45:55 +0000] \"POST /api/auth/sign-up HTTP/1.1\" 400 92 \"-\" \"PostmanRuntime/7.47.1\"","service":"acquisitions-api"}
{"level":"info","message":"::1 - - [23/Sep/2025:16:47:00 +0000] \"POST /api/auth/sign-up HTTP/1.1\" 400 92 \"-\" \"PostmanRuntime/7.47.1\"","service":"acquisitions-api"}
{"level":"info","message":"::1 - - [23/Sep/2025:16:58:35 +0000] \"POST /api/auth/sign-up HTTP/1.1\" 400 92 \"-\" \"PostmanRuntime/7.47.1\"","service":"acquisitions-api"}
{"level":"info","message":"User registered successfully: info@mary.dev","service":"acquisitions-api"}
{"level":"info","message":"::1 - - [23/Sep/2025:17:09:17 +0000] \"POST /api/auth/sign-up HTTP/1.1\" 201 110 \"-\" \"PostmanRuntime/7.47.1\"","service":"acquisitions-api"}
{"level":"error","message":"Error creating the user: TypeError: db.select is not a function","service":"acquisitions-api"}
{"level":"error","message":"Signup.error db.select is not a function","service":"acquisitions-api","stack":"TypeError: db.select is not a function\n    at createUser (file:///Users/marychuks/Projects/acquisitions/src/services/auth.service.js:18:29)\n    at signup (file:///Users/marychuks/Projects/acquisitions/src/controllers/auth.controller.js:20:24)\n    at Layer.handleRequest (/Users/marychuks/Projects/acquisitions/node_modules/router/lib/layer.js:152:17)\n    at next (/Users/marychuks/Projects/acquisitions/node_modules/router/lib/route.js:157:13)\n    at Route.dispatch (/Users/marychuks/Projects/acquisitions/node_modules/router/lib/route.js:117:3)\n    at handle (/Users/marychuks/Projects/acquisitions/node_modules/router/index.js:435:11)\n    at Layer.handleRequest (/Users/marychuks/Projects/acquisitions/node_modules/router/lib/layer.js:152:17)\n    at /Users/marychuks/Projects/acquisitions/node_modules/router/index.js:295:15\n    at processParams (/Users/marychuks/Projects/acquisitions/node_modules/router/index.js:582:12)\n    at next (/Users/marychuks/Projects/acquisitions/node_modules/router/index.js:291:5)"}
{"level":"info","message":"::1 - - [23/Sep/2025:17:37:10 +0000] \"POST /api/auth/sign-up HTTP/1.1\" 500 1269 \"-\" \"PostmanRuntime/7.47.1\"","service":"acquisitions-api"}
{"level":"error","message":"Error creating the user: TypeError: Cannot convert undefined or null to object","service":"acquisitions-api"}
{"level":"error","message":"Signup.error Cannot convert undefined or null to object","service":"acquisitions-api","stack":"TypeError: Cannot convert undefined or null to object\n    at Function.entries (<anonymous>)\n    at orderSelectedFields (file:///Users/marychuks/Projects/acquisitions/node_modules/drizzle-orm/utils.js:53:17)\n    at file:///Users/marychuks/Projects/acquisitions/node_modules/drizzle-orm/utils.js:63:22\n    at Array.reduce (<anonymous>)\n    at orderSelectedFields (file:///Users/marychuks/Projects/acquisitions/node_modules/drizzle-orm/utils.js:53:33)\n    at QueryPromise.returning (file:///Users/marychuks/Projects/acquisitions/node_modules/drizzle-orm/pg-core/query-builders/insert.js:75:29)\n    at createUser (file:///Users/marychuks/Projects/acquisitions/src/services/auth.service.js:26:8)\n    at async signup (file:///Users/marychuks/Projects/acquisitions/src/controllers/auth.controller.js:20:18)"}
{"level":"info","message":"::1 - - [23/Sep/2025:17:37:49 +0000] \"POST /api/auth/sign-up HTTP/1.1\" 500 1042 \"-\" \"PostmanRuntime/7.47.1\"","service":"acquisitions-api"}
{"level":"error","message":"Error creating the user: TypeError: Cannot convert undefined or null to object","service":"acquisitions-api"}
{"level":"error","message":"Signup.error Cannot convert undefined or null to object","service":"acquisitions-api","stack":"TypeError: Cannot convert undefined or null to object\n    at Function.entries (<anonymous>)\n    at orderSelectedFields (file:///Users/marychuks/Projects/acquisitions/node_modules/drizzle-orm/utils.js:53:17)\n    at file:///Users/marychuks/Projects/acquisitions/node_modules/drizzle-orm/utils.js:63:22\n    at Array.reduce (<anonymous>)\n    at orderSelectedFields (file:///Users/marychuks/Projects/acquisitions/node_modules/drizzle-orm/utils.js:53:33)\n    at QueryPromise.returning (file:///Users/marychuks/Projects/acquisitions/node_modules/drizzle-orm/pg-core/query-builders/insert.js:75:29)\n    at createUser (file:///Users/marychuks/Projects/acquisitions/src/services/auth.service.js:26:8)\n    at async signup (file:///Users/marychuks/Projects/acquisitions/src/controllers/auth.controller.js:20:18)"}
{"level":"info","message":"::1 - - [23/Sep/2025:17:44:31 +0000] \"POST /api/auth/sign-up HTTP/1.1\" 500 1042 \"-\" \"PostmanRuntime/7.47.1\"","service":"acquisitions-api"}
{"level":"info","message":"User admin@mary.dev created successfully","service":"acquisitions-api"}
{"level":"error","message":"Failed to authenticate token \"expiresIN\" is not allowed in \"options\"","service":"acquisitions-api","stack":"Error: \"expiresIN\" is not allowed in \"options\"\n    at /Users/marychuks/Projects/acquisitions/node_modules/jsonwebtoken/sign.js:51:17\n    at Array.forEach (<anonymous>)\n    at validate (/Users/marychuks/Projects/acquisitions/node_modules/jsonwebtoken/sign.js:47:6)\n    at validateOptions (/Users/marychuks/Projects/acquisitions/node_modules/jsonwebtoken/sign.js:62:10)\n    at module.exports [as sign] (/Users/marychuks/Projects/acquisitions/node_modules/jsonwebtoken/sign.js:171:5)\n    at Object.sign (file:///Users/marychuks/Projects/acquisitions/src/utils/jwt.js:10:18)\n    at signup (file:///Users/marychuks/Projects/acquisitions/src/controllers/auth.controller.js:22:28)\n    at process.processTicksAndRejections (node:internal/process/task_queues:95:5)"}
{"level":"error","message":"Signup.error Failed to authenticate token","service":"acquisitions-api","stack":"Error: Failed to authenticate token\n    at Object.sign (file:///Users/marychuks/Projects/acquisitions/src/utils/jwt.js:13:13)\n    at signup (file:///Users/marychuks/Projects/acquisitions/src/controllers/auth.controller.js:22:28)\n    at process.processTicksAndRejections (node:internal/process/task_queues:95:5)"}
{"level":"info","message":"::1 - - [23/Sep/2025:17:51:50 +0000] \"POST /api/auth/sign-up HTTP/1.1\" 500 476 \"-\" \"PostmanRuntime/7.47.1\"","service":"acquisitions-api"}
{"level":"info","message":"User admins@mary.dev created successfully","service":"acquisitions-api"}
{"level":"info","message":"User registered successfully: admins@mary.dev","service":"acquisitions-api"}
{"level":"info","message":"::1 - - [23/Sep/2025:17:56:44 +0000] \"POST /api/auth/sign-up HTTP/1.1\" 201 114 \"-\" \"PostmanRuntime/7.47.1\"","service":"acquisitions-api"}
{"level":"info","message":"User maria@gmail.com created successfully","service":"acquisitions-api"}
{"level":"info","message":"User registered successfully: maria@gmail.com","service":"acquisitions-api"}
{"level":"info","message":"::1 - - [23/Sep/2025:17:59:30 +0000] \"POST /api/auth/sign-up HTTP/1.1\" 201 113 \"-\" \"PostmanRuntime/7.47.1\"","service":"acquisitions-api"}
{"level":"info","message":"User signed in successfully: maria@gmail.com","service":"acquisitions-api"}
{"level":"info","message":"::1 - - [24/Sep/2025:16:50:56 +0000] \"POST /api/auth/sign-in HTTP/1.1\" 200 112 \"-\" \"PostmanRuntime/7.47.1\"","service":"acquisitions-api"}
{"level":"info","message":"User signed out successfully","service":"acquisitions-api"}
{"level":"info","message":"::1 - - [24/Sep/2025:16:51:07 +0000] \"POST /api/auth/sign-out HTTP/1.1\" 200 42 \"-\" \"PostmanRuntime/7.47.1\"","service":"acquisitions-api"}
{"level":"info","message":"::1 - - [24/Sep/2025:17:36:58 +0000] \"POST /health HTTP/1.1\" 500 90 \"-\" \"PostmanRuntime/7.47.1\"","service":"acquisitions-api"}
{"level":"info","message":"::1 - - [24/Sep/2025:17:39:41 +0000] \"GET /health HTTP/1.1\" 500 90 \"-\" \"PostmanRuntime/7.47.1\"","service":"acquisitions-api"}
{"level":"info","message":"::1 - - [24/Sep/2025:17:39:57 +0000] \"GET /health HTTP/1.1\" 500 90 \"-\" \"PostmanRuntime/7.47.1\"","service":"acquisitions-api"}
{"level":"info","message":"::1 - - [24/Sep/2025:17:46:27 +0000] \"GET /health HTTP/1.1\" 500 90 \"-\" \"PostmanRuntime/7.47.1\"","service":"acquisitions-api"}
{"ip":"::1","level":"warn","message":"Bot request blocked","path":"/health","service":"acquisitions-api","userAgent":"PostmanRuntime/7.47.1"}
{"level":"info","message":"::1 - - [25/Sep/2025:09:45:27 +0000] \"GET /health HTTP/1.1\" 403 68 \"-\" \"PostmanRuntime/7.47.1\"","service":"acquisitions-api"}
{"ip":"::1","level":"warn","message":"Bot request blocked","path":"/health","service":"acquisitions-api","userAgent":"PostmanRuntime/7.47.1"}
{"level":"info","message":"::1 - - [28/Sep/2025:21:41:13 +0000] \"GET /health HTTP/1.1\" 403 68 \"-\" \"PostmanRuntime/7.47.1\"","service":"acquisitions-api"}
{"ip":"::1","level":"warn","message":"Bot request blocked","path":"/health","service":"acquisitions-api","userAgent":"PostmanRuntime/7.47.1"}
{"level":"info","message":"::1 - - [28/Sep/2025:21:41:19 +0000] \"GET /health HTTP/1.1\" 403 68 \"-\" \"PostmanRuntime/7.47.1\"","service":"acquisitions-api"}
{"ip":"::1","level":"warn","message":"Bot request blocked","path":"/health","service":"acquisitions-api","userAgent":"PostmanRuntime/7.47.1"}
{"level":"info","message":"::1 - - [28/Sep/2025:21:44:00 +0000] \"GET /health HTTP/1.1\" 403 68 \"-\" \"PostmanRuntime/7.47.1\"","service":"acquisitions-api"}
{"ip":"::1","level":"warn","message":"Bot request blocked","path":"/health","service":"acquisitions-api","userAgent":"PostmanRuntime/7.47.1"}
{"level":"info","message":"::1 - - [28/Sep/2025:21:44:01 +0000] \"GET /health HTTP/1.1\" 403 68 \"-\" \"PostmanRuntime/7.47.1\"","service":"acquisitions-api"}
{"ip":"::1","level":"warn","message":"Bot request blocked","path":"/health%20","service":"acquisitions-api","userAgent":"PostmanRuntime/7.48.0"}
{"level":"info","message":"::1 - - [28/Sep/2025:21:54:22 +0000] \"GET /health%20 HTTP/1.1\" 403 68 \"-\" \"PostmanRuntime/7.48.0\"","service":"acquisitions-api"}
{"ip":"::1","level":"warn","message":"Bot request blocked","path":"/health%20","service":"acquisitions-api","userAgent":"PostmanRuntime/7.48.0"}
{"level":"info","message":"::1 - - [28/Sep/2025:21:54:57 +0000] \"GET /health%20 HTTP/1.1\" 403 68 \"-\" \"PostmanRuntime/7.48.0\"","service":"acquisitions-api"}
{"ip":"::1","level":"warn","message":"Bot request blocked","path":"/health","service":"acquisitions-api","userAgent":"PostmanRuntime/7.48.0"}
{"level":"info","message":"::1 - - [29/Sep/2025:11:27:15 +0000] \"GET /health HTTP/1.1\" 403 68 \"-\" \"PostmanRuntime/7.48.0\"","service":"acquisitions-api"}
{"level":"info","message":"::1 - - [29/Sep/2025:11:27:49 +0000] \"GET /health HTTP/1.1\" 200 75 \"-\" \"PostmanRuntime/7.48.0\"","service":"acquisitions-api"}
{"level":"info","message":"::1 - - [29/Sep/2025:11:28:44 +0000] \"GET /health HTTP/1.1\" - - \"-\" \"PostmanRuntime/7.48.0\"","service":"acquisitions-api"}
{"level":"info","message":"::1 - - [29/Sep/2025:11:28:45 +0000] \"GET /health HTTP/1.1\" - - \"-\" \"PostmanRuntime/7.48.0\"","service":"acquisitions-api"}
{"level":"info","message":"::1 - - [29/Sep/2025:11:28:45 +0000] \"GET /health HTTP/1.1\" 200 74 \"-\" \"PostmanRuntime/7.48.0\"","service":"acquisitions-api"}
{"level":"info","message":"::1 - - [29/Sep/2025:11:28:46 +0000] \"GET /health HTTP/1.1\" 200 76 \"-\" \"PostmanRuntime/7.48.0\"","service":"acquisitions-api"}
{"level":"info","message":"::1 - - [29/Sep/2025:11:28:47 +0000] \"GET /health HTTP/1.1\" - - \"-\" \"PostmanRuntime/7.48.0\"","service":"acquisitions-api"}
{"level":"info","message":"::1 - - [29/Sep/2025:11:28:48 +0000] \"GET /health HTTP/1.1\" 200 76 \"-\" \"PostmanRuntime/7.48.0\"","service":"acquisitions-api"}
{"level":"info","message":"::1 - - [29/Sep/2025:11:28:48 +0000] \"GET /health HTTP/1.1\" 200 76 \"-\" \"PostmanRuntime/7.48.0\"","service":"acquisitions-api"}
{"level":"info","message":"::1 - - [29/Sep/2025:11:28:51 +0000] \"GET /health HTTP/1.1\" 200 76 \"-\" \"PostmanRuntime/7.48.0\"","service":"acquisitions-api"}
{"level":"info","message":"::1 - - [29/Sep/2025:11:28:51 +0000] \"GET /health HTTP/1.1\" 200 76 \"-\" \"PostmanRuntime/7.48.0\"","service":"acquisitions-api"}
{"level":"info","message":"::1 - - [29/Sep/2025:11:28:53 +0000] \"GET /health HTTP/1.1\" 200 76 \"-\" \"PostmanRuntime/7.48.0\"","service":"acquisitions-api"}
{"level":"info","message":"::1 - - [29/Sep/2025:11:29:00 +0000] \"GET /health HTTP/1.1\" 200 76 \"-\" \"PostmanRuntime/7.48.0\"","service":"acquisitions-api"}
{"level":"info","message":"::1 - - [29/Sep/2025:11:29:03 +0000] \"GET /health HTTP/1.1\" 200 76 \"-\" \"PostmanRuntime/7.48.0\"","service":"acquisitions-api"}
{"level":"info","message":"::1 - - [29/Sep/2025:11:29:03 +0000] \"GET /health HTTP/1.1\" 200 76 \"-\" \"PostmanRuntime/7.48.0\"","service":"acquisitions-api"}
{"level":"info","message":"::1 - - [29/Sep/2025:11:29:04 +0000] \"GET /health HTTP/1.1\" 200 76 \"-\" \"PostmanRuntime/7.48.0\"","service":"acquisitions-api"}
{"level":"info","message":"::1 - - [29/Sep/2025:11:29:04 +0000] \"GET /health HTTP/1.1\" 200 76 \"-\" \"PostmanRuntime/7.48.0\"","service":"acquisitions-api"}
{"level":"info","message":"::1 - - [29/Sep/2025:11:29:05 +0000] \"GET /health HTTP/1.1\" 200 76 \"-\" \"PostmanRuntime/7.48.0\"","service":"acquisitions-api"}
{"level":"info","message":"::1 - - [29/Sep/2025:11:29:05 +0000] \"GET /health HTTP/1.1\" 200 76 \"-\" \"PostmanRuntime/7.48.0\"","service":"acquisitions-api"}
{"level":"info","message":"::1 - - [29/Sep/2025:11:29:39 +0000] \"GET /health HTTP/1.1\" 200 77 \"-\" \"PostmanRuntime/7.48.0\"","service":"acquisitions-api"}
{"level":"info","message":"::1 - - [29/Sep/2025:11:29:39 +0000] \"GET /health HTTP/1.1\" 200 77 \"-\" \"PostmanRuntime/7.48.0\"","service":"acquisitions-api"}
{"ip":"::1","level":"warn","message":"Bot request blocked","path":"/health","service":"acquisitions-api","userAgent":"PostmanRuntime/7.48.0"}
{"level":"info","message":"::1 - - [29/Sep/2025:11:31:18 +0000] \"GET /health HTTP/1.1\" 403 68 \"-\" \"PostmanRuntime/7.48.0\"","service":"acquisitions-api"}
{"ip":"::1","level":"warn","message":"Bot request blocked","path":"/health","service":"acquisitions-api","ua":"PostmanRuntime/7.48.0"}
{"level":"info","message":"::1 - - [29/Sep/2025:11:40:21 +0000] \"GET /health HTTP/1.1\" 403 68 \"-\" \"PostmanRuntime/7.48.0\"","service":"acquisitions-api"}
{"ip":"::1","level":"warn","message":"Bot request blocked","path":"/health","service":"acquisitions-api","ua":"PostmanRuntime/7.48.0"}
{"level":"info","message":"::1 - - [29/Sep/2025:11:40:27 +0000] \"GET /health HTTP/1.1\" 403 68 \"-\" \"PostmanRuntime/7.48.0\"","service":"acquisitions-api"}
{"level":"info","message":"::1 - - [29/Sep/2025:11:41:06 +0000] \"GET /health HTTP/1.1\" 200 75 \"-\" \"PostmanRuntime/7.48.0\"","service":"acquisitions-api"}
{"level":"info","message":"::1 - - [29/Sep/2025:11:41:11 +0000] \"GET /health HTTP/1.1\" 200 76 \"-\" \"PostmanRuntime/7.48.0\"","service":"acquisitions-api"}
{"level":"info","message":"::1 - - [29/Sep/2025:11:41:12 +0000] \"GET /health HTTP/1.1\" 200 76 \"-\" \"PostmanRuntime/7.48.0\"","service":"acquisitions-api"}
{"level":"info","message":"::1 - - [29/Sep/2025:11:41:13 +0000] \"GET /health HTTP/1.1\" - - \"-\" \"PostmanRuntime/7.48.0\"","service":"acquisitions-api"}
{"level":"info","message":"::1 - - [29/Sep/2025:11:41:13 +0000] \"GET /health HTTP/1.1\" - - \"-\" \"PostmanRuntime/7.48.0\"","service":"acquisitions-api"}
{"ip":"::1","level":"warn","limit":5,"message":"Rate limit exceeded","path":"/health","role":"guest","service":"acquisitions-api","ua":"PostmanRuntime/7.48.0"}
{"level":"info","message":"::1 - - [29/Sep/2025:11:41:14 +0000] \"GET /health HTTP/1.1\" 429 79 \"-\" \"PostmanRuntime/7.48.0\"","service":"acquisitions-api"}
{"ip":"::1","level":"warn","limit":5,"message":"Rate limit exceeded","path":"/health","role":"guest","service":"acquisitions-api","ua":"PostmanRuntime/7.48.0"}
{"level":"info","message":"::1 - - [29/Sep/2025:11:41:22 +0000] \"GET /health HTTP/1.1\" 429 79 \"-\" \"PostmanRuntime/7.48.0\"","service":"acquisitions-api"}
{"ip":"::1","level":"warn","limit":5,"message":"Rate limit exceeded","path":"/health","role":"guest","service":"acquisitions-api","ua":"PostmanRuntime/7.48.0"}
{"level":"info","message":"::1 - - [29/Sep/2025:11:41:55 +0000] \"POST /health HTTP/1.1\" 429 79 \"-\" \"PostmanRuntime/7.48.0\"","service":"acquisitions-api"}
